npm verbose cli C:\Program Files\nodejs\node.exe C:\Users\ismed\AppData\Roaming\npm\node_modules\npm\bin\npm-cli.js
npm info using npm@10.8.1
npm info using node@v21.7.1
npm verbose title npm install
npm verbose argv "install" "--legacy-peer-deps" "--loglevel" "verbose"
npm verbose logfile logs-max:10 dir:C:\Users\ismed\AppData\Local\npm-cache\_logs\2024-08-13T00_21_11_979Z-
npm verbose logfile C:\Users\ismed\AppData\Local\npm-cache\_logs\2024-08-13T00_21_11_979Z-debug-0.log
npm http fetch GET 200 https://registry.npmjs.org/@faker-js%2ffaker 1029ms (cache revalidated)
npm http fetch GET 200 https://registry.npmjs.org/cypress 67ms (cache revalidated)
npm http fetch GET 200 https://registry.npmjs.org/cypress-mochawesome-reporter 83ms (cache revalidated)
npm http fetch GET 200 https://registry.npmjs.org/faker-js 830ms (cache revalidated)
npm http fetch GET 200 https://registry.npmjs.org/browserstack-cypress-cli 670ms (cache revalidated)
npm http fetch GET 200 https://registry.npmjs.org/cli-progress 80ms (cache revalidated)
npm http fetch GET 200 https://registry.npmjs.org/archiver 134ms (cache revalidated)
npm http fetch GET 200 https://registry.npmjs.org/chalk 155ms (cache revalidated)
npm http fetch GET 200 https://registry.npmjs.org/async 165ms (cache revalidated)
npm http fetch GET 200 https://registry.npmjs.org/fs-extra 194ms (cache revalidated)
npm http fetch GET 200 https://registry.npmjs.org/gitconfiglocal 65ms (cache revalidated)
npm http fetch GET 200 https://registry.npmjs.org/glob 62ms (cache revalidated)
npm http fetch GET 200 https://registry.npmjs.org/mocha 63ms (cache revalidated)
npm http fetch GET 200 https://registry.npmjs.org/mkdirp 85ms (cache revalidated)
npm http fetch GET 200 https://registry.npmjs.org/node-ipc 108ms (cache revalidated)
npm http fetch GET 200 https://registry.npmjs.org/request 79ms (cache revalidated)
npm http fetch GET 200 https://registry.npmjs.org/requestretry 77ms (cache revalidated)
npm http fetch GET 200 https://registry.npmjs.org/table 76ms (cache revalidated)
npm http fetch GET 200 https://registry.npmjs.org/uuid 59ms (cache revalidated)
npm http fetch GET 200 https://registry.npmjs.org/update-notifier 72ms (cache revalidated)
npm http fetch GET 200 https://registry.npmjs.org/yargs 59ms (cache revalidated)
npm http fetch GET 200 https://registry.npmjs.org/winston 104ms (cache revalidated)
npm http fetch GET 200 https://registry.npmjs.org/decompress 67ms (cache revalidated)
npm http fetch GET 200 https://registry.npmjs.org/tmp 69ms (cache revalidated)
npm http fetch GET 200 https://registry.npmjs.org/arch 70ms (cache revalidated)
npm http fetch GET 200 https://registry.npmjs.org/dayjs 75ms (cache revalidated)
npm http fetch GET 200 https://registry.npmjs.org/browserstack-local 734ms (cache revalidated)
npm http fetch GET 200 https://registry.npmjs.org/git-last-commit 659ms (cache revalidated)
npm http fetch GET 200 https://registry.npmjs.org/debug 75ms (cache revalidated)
npm http fetch GET 200 https://registry.npmjs.org/getos 56ms (cache revalidated)
npm http fetch GET 200 https://registry.npmjs.org/git-repo-info 679ms (cache revalidated)
npm http fetch GET 200 https://registry.npmjs.org/yauzl 76ms (cache revalidated)
npm http fetch GET 200 https://registry.npmjs.org/buffer 63ms (cache revalidated)
npm http fetch GET 200 https://registry.npmjs.org/listr2 61ms (cache revalidated)
npm http fetch GET 200 https://registry.npmjs.org/lodash 72ms (cache revalidated)
npm http fetch GET 200 https://registry.npmjs.org/ospath 63ms (cache revalidated)
npm http fetch GET 200 https://registry.npmjs.org/semver 47ms (cache revalidated)
npm http fetch GET 200 https://registry.npmjs.org/figures 59ms (cache revalidated)
npm http fetch GET 200 https://registry.npmjs.org/process 56ms (cache revalidated)
npm http fetch GET 200 https://registry.npmjs.org/getmac 1020ms (cache revalidated)
npm http fetch GET 200 https://registry.npmjs.org/bluebird 99ms (cache revalidated)
npm http fetch GET 200 https://registry.npmjs.org/cachedir 80ms (cache revalidated)
npm http fetch GET 200 https://registry.npmjs.org/minimist 41ms (cache revalidated)
npm http fetch GET 200 https://registry.npmjs.org/windows-release 666ms (cache revalidated)
npm http fetch GET 200 https://registry.npmjs.org/blob-util 52ms (cache revalidated)
npm http fetch GET 200 https://registry.npmjs.org/enquirer 123ms (cache revalidated)
npm http fetch GET 200 https://registry.npmjs.org/commander 50ms (cache revalidated)
npm http fetch GET 200 https://registry.npmjs.org/cli-cursor 58ms (cache revalidated)
npm http fetch GET 200 https://registry.npmjs.org/cli-table3 63ms (cache revalidated)
npm http fetch GET 200 https://registry.npmjs.org/untildify 74ms (cache revalidated)
npm http fetch GET 200 https://registry.npmjs.org/common-tags 73ms (cache revalidated)
npm http fetch GET 200 https://registry.npmjs.org/extract-zip 68ms (cache revalidated)
npm http fetch GET 200 https://registry.npmjs.org/is-ci 719ms (cache revalidated)
npm http fetch GET 200 https://registry.npmjs.org/execa 762ms (cache revalidated)
npm http fetch GET 200 https://registry.npmjs.org/eventemitter2 63ms (cache revalidated)
npm http fetch GET 200 https://registry.npmjs.org/@types%2fsizzle 114ms (cache revalidated)
npm http fetch GET 200 https://registry.npmjs.org/proxy-from-env 54ms (cache revalidated)
npm http fetch GET 200 https://registry.npmjs.org/executable 654ms (cache revalidated)
npm http fetch GET 200 https://registry.npmjs.org/lazy-ass 778ms (cache revalidated)
npm http fetch GET 200 https://registry.npmjs.org/@cypress%2frequest 225ms (cache revalidated)
npm http fetch GET 200 https://registry.npmjs.org/request-progress 108ms (cache revalidated)
npm http fetch GET 200 https://registry.npmjs.org/log-symbols 768ms (cache revalidated)
npm http fetch GET 200 https://registry.npmjs.org/pretty-bytes 715ms (cache revalidated)
npm http fetch GET 200 https://registry.npmjs.org/mochawesome-merge 61ms (cache revalidated)
npm http fetch GET 200 https://registry.npmjs.org/mochawesome-report-generator 63ms (cache revalidated)
npm http fetch GET 200 https://registry.npmjs.org/mochawesome 314ms (cache revalidated)
npm http fetch GET 200 https://registry.npmjs.org/supports-color 704ms (cache revalidated)
npm http fetch GET 200 https://registry.npmjs.org/is-installed-globally 467ms (cache revalidated)
npm http fetch GET 200 https://registry.npmjs.org/check-more-types 804ms (cache revalidated)
npm http fetch GET 200 https://registry.npmjs.org/@cypress%2fxvfb 1379ms (cache revalidated)
npm http fetch GET 200 https://registry.npmjs.org/@types%2fsinonjs__fake-timers 1395ms (cache revalidated)
npm http fetch GET 200 https://registry.npmjs.org/zip-stream 60ms (cache revalidated)
npm http fetch GET 200 https://registry.npmjs.org/archiver-utils 77ms (cache revalidated)
npm http fetch GET 200 https://registry.npmjs.org/tar-stream 80ms (cache revalidated)
npm http fetch GET 200 https://registry.npmjs.org/buffer-crc32 90ms (cache revalidated)
npm http fetch GET 200 https://registry.npmjs.org/readdir-glob 98ms (cache revalidated)
npm http fetch GET 200 https://registry.npmjs.org/https-proxy-agent 99ms (cache revalidated)
npm http fetch GET 200 https://registry.npmjs.org/readable-stream 105ms (cache revalidated)
npm http fetch GET 200 https://registry.npmjs.org/is-running 78ms (cache revalidated)
npm http fetch GET 200 https://registry.npmjs.org/string-width 62ms (cache revalidated)
npm http fetch GET 200 https://registry.npmjs.org/agent-base 81ms (cache revalidated)
npm http fetch GET 200 https://registry.npmjs.org/temp-fs 93ms (cache revalidated)
npm http fetch GET 200 https://registry.npmjs.org/decompress-tar 71ms (cache revalidated)
npm http fetch GET 200 https://registry.npmjs.org/decompress-targz 53ms (cache revalidated)
npm http fetch GET 200 https://registry.npmjs.org/decompress-tarbz2 80ms (cache revalidated)
npm http fetch GET 200 https://registry.npmjs.org/graceful-fs 53ms (cache revalidated)
npm http fetch GET 200 https://registry.npmjs.org/make-dir 62ms (cache revalidated)
npm http fetch GET 200 https://registry.npmjs.org/pify 49ms (cache revalidated)
npm http fetch GET 200 https://registry.npmjs.org/strip-dirs 50ms (cache revalidated)
npm http fetch GET 200 https://registry.npmjs.org/jsonfile 48ms (cache revalidated)
npm http fetch GET 200 https://registry.npmjs.org/universalify 54ms (cache revalidated)
npm http fetch GET 200 https://registry.npmjs.org/ini 49ms (cache revalidated)
npm http fetch GET 200 https://registry.npmjs.org/inflight 78ms (cache revalidated)
npm http fetch GET 200 https://registry.npmjs.org/once 95ms (cache revalidated)
npm http fetch GET 200 https://registry.npmjs.org/@types%2fnode 123ms (cache revalidated)
npm http fetch GET 200 https://registry.npmjs.org/inherits 210ms (cache revalidated)
npm http fetch GET 200 https://registry.npmjs.org/fs.realpath 214ms (cache revalidated)
npm http fetch GET 200 https://registry.npmjs.org/path-is-absolute 70ms (cache revalidated)
npm http fetch GET 200 https://registry.npmjs.org/minimatch 228ms (cache revalidated)
npm http fetch GET 200 https://registry.npmjs.org/ansi-colors 76ms (cache revalidated)
npm http fetch GET 200 https://registry.npmjs.org/chokidar 61ms (cache revalidated)
npm http fetch GET 200 https://registry.npmjs.org/browser-stdout 86ms (cache revalidated)
npm http fetch GET 200 https://registry.npmjs.org/escape-string-regexp 68ms (cache revalidated)
npm http fetch GET 200 https://registry.npmjs.org/diff 74ms (cache revalidated)
npm http fetch GET 200 https://registry.npmjs.org/find-up 57ms (cache revalidated)
npm http fetch GET 200 https://registry.npmjs.org/ms 48ms (cache revalidated)
npm http fetch GET 200 https://registry.npmjs.org/js-yaml 75ms (cache revalidated)
npm http fetch GET 200 https://registry.npmjs.org/serialize-javascript 52ms (cache revalidated)
npm http fetch GET 200 https://registry.npmjs.org/yargs 9ms (cache hit)
npm http fetch GET 200 https://registry.npmjs.org/strip-json-comments 72ms (cache revalidated)
npm http fetch GET 200 https://registry.npmjs.org/he 130ms (cache revalidated)
npm http fetch GET 200 https://registry.npmjs.org/workerpool 56ms (cache revalidated)
npm http fetch GET 200 https://registry.npmjs.org/ansi-styles 755ms (cache revalidated)
npm http fetch GET 200 https://registry.npmjs.org/yargs-parser 61ms (cache revalidated)
npm http fetch GET 200 https://registry.npmjs.org/ps-tree 793ms (cache revalidated)
npm http fetch GET 200 https://registry.npmjs.org/js-queue 79ms (cache revalidated)
npm http fetch GET 200 https://registry.npmjs.org/js-message 81ms (cache revalidated)
npm http fetch GET 200 https://registry.npmjs.org/event-pubsub 76ms (cache revalidated)
npm http fetch GET 200 https://registry.npmjs.org/qs 63ms (cache revalidated)
npm http fetch GET 200 https://registry.npmjs.org/aws4 66ms (cache revalidated)
npm http fetch GET 200 https://registry.npmjs.org/decompress-unzip 769ms (cache revalidated)
npm http fetch GET 200 https://registry.npmjs.org/extend 63ms (cache revalidated)
npm http fetch GET 200 https://registry.npmjs.org/caseless 58ms (cache revalidated)
npm http fetch GET 200 https://registry.npmjs.org/mime-types 61ms (cache revalidated)
npm http fetch GET 200 https://registry.npmjs.org/oauth-sign 63ms (cache revalidated)
npm http fetch GET 200 https://registry.npmjs.org/safe-buffer 75ms (cache revalidated)
npm http fetch GET 200 https://registry.npmjs.org/form-data 128ms (cache revalidated)
npm http fetch GET 200 https://registry.npmjs.org/tough-cookie 66ms (cache revalidated)
npm http fetch GET 200 https://registry.npmjs.org/forever-agent 69ms (cache revalidated)
npm http fetch GET 200 https://registry.npmjs.org/is-typedarray 78ms (cache revalidated)
npm http fetch GET 200 https://registry.npmjs.org/har-validator 111ms (cache revalidated)
npm http fetch GET 200 https://registry.npmjs.org/http-signature 91ms (cache revalidated)
npm http fetch GET 200 https://registry.npmjs.org/isstream 303ms (cache revalidated)
npm http fetch GET 200 https://registry.npmjs.org/combined-stream 80ms (cache revalidated)
npm http fetch GET 200 https://registry.npmjs.org/performance-now 78ms (cache revalidated)
npm http fetch GET 200 https://registry.npmjs.org/json-stringify-safe 61ms (cache revalidated)
npm http fetch GET 200 https://registry.npmjs.org/ajv 75ms (cache revalidated)
npm http fetch GET 200 https://registry.npmjs.org/slice-ansi 97ms (cache revalidated)
npm http fetch GET 200 https://registry.npmjs.org/boxen 78ms (cache revalidated)
npm http fetch GET 200 https://registry.npmjs.org/is-npm 70ms (cache revalidated)
npm http fetch GET 200 https://registry.npmjs.org/configstore 87ms (cache revalidated)
npm http fetch GET 200 https://registry.npmjs.org/import-lazy 128ms (cache revalidated)
npm http fetch GET 200 https://registry.npmjs.org/yargs-unparser 725ms (cache revalidated)
npm http fetch GET 200 https://registry.npmjs.org/latest-version 54ms (cache revalidated)
npm http fetch GET 200 https://registry.npmjs.org/xdg-basedir 70ms (cache revalidated)
npm http fetch GET 200 https://registry.npmjs.org/aws-sign2 775ms (cache revalidated)
npm http fetch GET 200 https://registry.npmjs.org/tunnel-agent 749ms (cache revalidated)
npm http fetch GET 200 https://registry.npmjs.org/stack-trace 74ms (cache revalidated)
npm http fetch GET 200 https://registry.npmjs.org/y18n 71ms (cache revalidated)
npm http fetch GET 200 https://registry.npmjs.org/cliui 56ms (cache revalidated)
npm http fetch GET 200 https://registry.npmjs.org/pupa 789ms (cache revalidated)
npm http fetch GET 200 https://registry.npmjs.org/decamelize 66ms (cache revalidated)
npm http fetch GET 200 https://registry.npmjs.org/semver-diff 652ms (cache revalidated)
npm http fetch GET 200 https://registry.npmjs.org/is-in-ci 757ms (cache revalidated)
npm http fetch GET 200 https://registry.npmjs.org/which-module 55ms (cache revalidated)
npm http fetch GET 200 https://registry.npmjs.org/require-directory 56ms (cache revalidated)
npm http fetch GET 200 https://registry.npmjs.org/get-caller-file 65ms (cache revalidated)
npm http fetch GET 200 https://registry.npmjs.org/require-main-filename 71ms (cache revalidated)
npm http fetch GET 200 https://registry.npmjs.org/eyes 658ms (cache revalidated)
npm http fetch GET 200 https://registry.npmjs.org/cycle 709ms (cache revalidated)
npm http fetch GET 200 https://registry.npmjs.org/colors 749ms (cache revalidated)
npm http fetch GET 200 https://registry.npmjs.org/set-blocking 698ms (cache revalidated)
npm http fetch GET 200 https://registry.npmjs.org/normalize-path 55ms (cache revalidated)
npm http fetch GET 200 https://registry.npmjs.org/lodash.isplainobject 67ms (cache revalidated)
npm http fetch GET 200 https://registry.npmjs.org/lodash.defaults 71ms (cache revalidated)
npm http fetch GET 200 https://registry.npmjs.org/lodash.difference 75ms (cache revalidated)
npm http fetch GET 200 https://registry.npmjs.org/lazystream 90ms (cache revalidated)
npm http fetch GET 200 https://registry.npmjs.org/lodash.union 125ms (cache revalidated)
npm http fetch GET 200 https://registry.npmjs.org/lodash.flatten 129ms (cache revalidated)
npm http fetch GET 200 https://registry.npmjs.org/string_decoder 70ms (cache revalidated)
npm http fetch GET 200 https://registry.npmjs.org/util-deprecate 67ms (cache revalidated)
npm http fetch GET 200 https://registry.npmjs.org/bl 65ms (cache revalidated)
npm http fetch GET 200 https://registry.npmjs.org/end-of-stream 70ms (cache revalidated)
npm http fetch GET 200 https://registry.npmjs.org/fs-constants 85ms (cache revalidated)
npm http fetch GET 200 https://registry.npmjs.org/compress-commons 751ms (cache revalidated)
npm http fetch GET 200 https://registry.npmjs.org/core-util-is 56ms (cache revalidated)
npm http fetch GET 200 https://registry.npmjs.org/isarray 63ms (cache revalidated)
npm http fetch GET 200 https://registry.npmjs.org/process-nextick-args 75ms (cache revalidated)
npm http fetch GET 200 https://registry.npmjs.org/event-stream 113ms (cache revalidated)
npm http fetch GET 200 https://registry.npmjs.org/rimraf 119ms (cache revalidated)
npm http fetch GET 200 https://registry.npmjs.org/has-flag 58ms (cache revalidated)
npm http fetch GET 200 https://registry.npmjs.org/color-convert 713ms (cache revalidated)
npm http fetch GET 200 https://registry.npmjs.org/color-name 49ms (cache revalidated)
npm http fetch GET 200 https://registry.npmjs.org/is-fullwidth-code-point 64ms (cache revalidated)
npm http fetch GET 200 https://registry.npmjs.org/emoji-regex 66ms (cache revalidated)
npm http fetch GET 200 https://registry.npmjs.org/strip-ansi 95ms (cache revalidated)
npm http fetch GET 200 https://registry.npmjs.org/onetime 58ms (cache revalidated)
npm http fetch GET 200 https://registry.npmjs.org/is-stream 62ms (cache revalidated)
npm http fetch GET 200 https://registry.npmjs.org/lodash.once 73ms (cache revalidated)
npm http fetch GET 200 https://registry.npmjs.org/ieee754 75ms (cache revalidated)
npm http fetch GET 200 https://registry.npmjs.org/restore-cursor 84ms (cache revalidated)
npm http fetch GET 200 https://registry.npmjs.org/get-stream 57ms (cache revalidated)
npm http fetch GET 200 https://registry.npmjs.org/merge-stream 67ms (cache revalidated)
npm http fetch GET 200 https://registry.npmjs.org/signal-exit 76ms (cache revalidated)
npm http fetch GET 200 https://registry.npmjs.org/human-signals 46ms (cache revalidated)
npm http fetch GET 200 https://registry.npmjs.org/npm-run-path 89ms (cache revalidated)
npm http fetch GET 200 https://registry.npmjs.org/@types%2fyauzl 66ms (cache revalidated)
npm http fetch GET 200 https://registry.npmjs.org/at-least-node 58ms (cache revalidated)
npm http fetch GET 200 https://registry.npmjs.org/ci-info 54ms (cache revalidated)
npm http fetch GET 200 https://registry.npmjs.org/rfdc 50ms (cache revalidated)
npm http fetch GET 200 https://registry.npmjs.org/global-dirs 65ms (cache revalidated)
npm http fetch GET 200 https://registry.npmjs.org/is-path-inside 79ms (cache revalidated)
npm http fetch GET 200 https://registry.npmjs.org/p-map 58ms (cache revalidated)
npm http fetch GET 200 https://registry.npmjs.org/rxjs 78ms (cache revalidated)
npm http fetch GET 200 https://registry.npmjs.org/through 74ms (cache revalidated)
npm http fetch GET 200 https://registry.npmjs.org/colorette 78ms (cache revalidated)
npm http fetch GET 200 https://registry.npmjs.org/wrap-ansi 65ms (cache revalidated)
npm http fetch GET 200 https://registry.npmjs.org/cli-truncate 44ms (cache revalidated)
npm http fetch GET 200 https://registry.npmjs.org/is-unicode-supported 72ms (cache revalidated)
npm http fetch GET 200 https://registry.npmjs.org/fd-slicer 67ms (cache revalidated)
npm http fetch GET 200 https://registry.npmjs.org/base64-js 779ms (cache revalidated)
npm http fetch GET 200 https://registry.npmjs.org/strip-final-newline 664ms (cache revalidated)
npm http fetch GET 200 https://registry.npmjs.org/cross-spawn 756ms (cache revalidated)
npm http fetch GET 200 https://registry.npmjs.org/throttleit 637ms (cache revalidated)
npm http fetch GET 200 https://registry.npmjs.org/@colors%2fcolors 1112ms (cache revalidated)
npm http fetch GET 200 https://registry.npmjs.org/log-update 777ms (cache revalidated)
npm http fetch GET 200 https://registry.npmjs.org/mime-db 61ms (cache revalidated)
npm http fetch GET 200 https://registry.npmjs.org/side-channel 77ms (cache revalidated)
npm http fetch GET 200 https://registry.npmjs.org/sshpk 81ms (cache revalidated)
npm http fetch GET 200 https://registry.npmjs.org/delayed-stream 87ms (cache revalidated)
npm http fetch GET 200 https://registry.npmjs.org/assert-plus 104ms (cache revalidated)
npm http fetch GET 200 https://registry.npmjs.org/psl 49ms (cache revalidated)
npm http fetch GET 200 https://registry.npmjs.org/url-parse 64ms (cache revalidated)
npm http fetch GET 200 https://registry.npmjs.org/punycode 89ms (cache revalidated)
npm http fetch GET 200 https://registry.npmjs.org/jsprim 722ms (cache revalidated)
npm http fetch GET 200 https://registry.npmjs.org/asynckit 736ms (cache revalidated)
npm http fetch GET 200 https://registry.npmjs.org/yargs 15ms (cache hit)
npm http fetch GET 200 https://registry.npmjs.org/lodash.isfunction 61ms (cache revalidated)
npm http fetch GET 200 https://registry.npmjs.org/lodash.isobject 67ms (cache revalidated)
npm http fetch GET 200 https://registry.npmjs.org/lodash.isstring 71ms (cache revalidated)
npm http fetch GET 200 https://registry.npmjs.org/fsu 60ms (cache revalidated)
npm http fetch GET 200 https://registry.npmjs.org/opener 54ms (cache revalidated)
npm http fetch GET 200 https://registry.npmjs.org/prop-types 50ms (cache revalidated)
npm http fetch GET 200 https://registry.npmjs.org/dateformat 122ms (cache revalidated)
npm http fetch GET 200 https://registry.npmjs.org/yargs 11ms (cache hit)
npm http fetch GET 200 https://registry.npmjs.org/tcomb 72ms (cache revalidated)
npm http fetch GET 200 https://registry.npmjs.org/validator 64ms (cache revalidated)
npm http fetch GET 200 https://registry.npmjs.org/lodash.isempty 715ms (cache revalidated)
npm http fetch GET 200 https://registry.npmjs.org/tcomb-validation 629ms (cache revalidated)
npm http fetch GET 200 https://registry.npmjs.org/escape-html 772ms (cache revalidated)
npm http fetch GET 200 https://registry.npmjs.org/unbzip2-stream 56ms (cache revalidated)
npm http fetch GET 200 https://registry.npmjs.org/file-type 68ms (cache revalidated)
npm http fetch GET 200 https://registry.npmjs.org/file-type 83ms (cache revalidated)
npm http fetch GET 200 https://registry.npmjs.org/file-type 93ms (cache revalidated)
npm http fetch GET 200 https://registry.npmjs.org/is-natural-number 94ms (cache revalidated)
npm http fetch GET 200 https://registry.npmjs.org/seek-bzip 104ms (cache revalidated)
npm http fetch GET 200 https://registry.npmjs.org/file-type 112ms (cache revalidated)
npm http fetch GET 200 https://registry.npmjs.org/buffer-alloc 75ms (cache revalidated)
npm http fetch GET 200 https://registry.npmjs.org/xtend 80ms (cache revalidated)
npm http fetch GET 200 https://registry.npmjs.org/to-buffer 740ms (cache revalidated)
npm http fetch GET 200 https://registry.npmjs.org/object-assign 53ms (cache revalidated)
npm http fetch GET 200 https://registry.npmjs.org/pinkie-promise 74ms (cache revalidated)
npm http fetch GET 200 https://registry.npmjs.org/ansi-regex 57ms (cache revalidated)
npm http fetch GET 200 https://registry.npmjs.org/path-key 48ms (cache revalidated)
npm http fetch GET 200 https://registry.npmjs.org/pump 51ms (cache revalidated)
npm http fetch GET 200 https://registry.npmjs.org/mimic-fn 56ms (cache revalidated)
npm http fetch GET 200 https://registry.npmjs.org/path-key 58ms (cache revalidated)
npm http fetch GET 200 https://registry.npmjs.org/which 61ms (cache revalidated)
npm http fetch GET 200 https://registry.npmjs.org/shebang-command 72ms (cache revalidated)
npm http fetch GET 200 https://registry.npmjs.org/isexe 53ms (cache revalidated)
npm http fetch GET 200 https://registry.npmjs.org/shebang-regex 88ms (cache revalidated)
npm http fetch GET 200 https://registry.npmjs.org/@types%2fnode 32ms (cache hit)
npm http fetch GET 200 https://registry.npmjs.org/undici-types 53ms (cache revalidated)
npm http fetch GET 200 https://registry.npmjs.org/pinkie 70ms (cache revalidated)
npm http fetch GET 200 https://registry.npmjs.org/wrappy 50ms (cache revalidated)
npm http fetch GET 200 https://registry.npmjs.org/wrappy 53ms (cache revalidated)
npm http fetch GET 200 https://registry.npmjs.org/brace-expansion 61ms (cache revalidated)
npm http fetch GET 200 https://registry.npmjs.org/asn1 65ms (cache revalidated)
npm http fetch GET 200 https://registry.npmjs.org/safer-buffer 69ms (cache revalidated)
npm http fetch GET 200 https://registry.npmjs.org/dashdash 77ms (cache revalidated)
npm http fetch GET 200 https://registry.npmjs.org/json-schema 81ms (cache revalidated)
npm http fetch GET 200 https://registry.npmjs.org/jsbn 66ms (cache revalidated)
npm http fetch GET 200 https://registry.npmjs.org/bcrypt-pbkdf 82ms (cache revalidated)
npm http fetch GET 200 https://registry.npmjs.org/tweetnacl 96ms (cache revalidated)
npm http fetch GET 200 https://registry.npmjs.org/ecc-jsbn 94ms (cache revalidated)
npm http fetch GET 200 https://registry.npmjs.org/verror 652ms (cache revalidated)
npm http fetch GET 200 https://registry.npmjs.org/getpass 712ms (cache revalidated)
npm http fetch GET 200 https://registry.npmjs.org/extsprintf 799ms (cache revalidated)
npm http fetch GET 200 https://registry.npmjs.org/ansi-escapes 49ms (cache revalidated)
npm http fetch GET 200 https://registry.npmjs.org/aggregate-error 56ms (cache revalidated)
npm http fetch GET 200 https://registry.npmjs.org/tslib 61ms (cache revalidated)
npm http fetch GET 200 https://registry.npmjs.org/astral-regex 61ms (cache revalidated)
npm http fetch GET 200 https://registry.npmjs.org/type-fest 52ms (cache revalidated)
npm http fetch GET 200 https://registry.npmjs.org/concat-map 44ms (cache revalidated)
npm http fetch GET 200 https://registry.npmjs.org/balanced-match 80ms (cache revalidated)
npm http fetch GET 200 https://registry.npmjs.org/fsevents 71ms (cache revalidated)
npm http fetch GET 200 https://registry.npmjs.org/glob-parent 75ms (cache revalidated)
npm http fetch GET 200 https://registry.npmjs.org/is-binary-path 77ms (cache revalidated)
npm http fetch GET 200 https://registry.npmjs.org/anymatch 80ms (cache revalidated)
npm http fetch GET 200 https://registry.npmjs.org/is-glob 87ms (cache revalidated)
npm http fetch GET 200 https://registry.npmjs.org/readdirp 89ms (cache revalidated)
npm http fetch GET 200 https://registry.npmjs.org/braces 94ms (cache revalidated)
npm http fetch GET 200 https://registry.npmjs.org/path-exists 65ms (cache revalidated)
npm http fetch GET 200 https://registry.npmjs.org/randombytes 63ms (cache revalidated)
npm http fetch GET 200 https://registry.npmjs.org/escalade 63ms (cache revalidated)
npm http fetch GET 200 https://registry.npmjs.org/argparse 82ms (cache revalidated)
npm http fetch GET 200 https://registry.npmjs.org/locate-path 95ms (cache revalidated)
npm http fetch GET 200 https://registry.npmjs.org/camelcase 88ms (cache revalidated)
npm http fetch GET 200 https://registry.npmjs.org/is-plain-obj 50ms (cache revalidated)
npm http fetch GET 200 https://registry.npmjs.org/flat 706ms (cache revalidated)
npm http fetch GET 200 https://registry.npmjs.org/fill-range 62ms (cache revalidated)
npm http fetch GET 200 https://registry.npmjs.org/is-extglob 64ms (cache revalidated)
npm http fetch GET 200 https://registry.npmjs.org/picomatch 70ms (cache revalidated)
npm http fetch GET 200 https://registry.npmjs.org/binary-extensions 71ms (cache revalidated)
npm http fetch GET 200 https://registry.npmjs.org/picomatch 72ms (cache revalidated)
npm http fetch GET 200 https://registry.npmjs.org/to-regex-range 56ms (cache revalidated)
npm http fetch GET 200 https://registry.npmjs.org/is-number 75ms (cache revalidated)
npm http fetch GET 200 https://registry.npmjs.org/p-locate 49ms (cache revalidated)
npm http fetch GET 200 https://registry.npmjs.org/p-limit 56ms (cache revalidated)
npm http fetch GET 200 https://registry.npmjs.org/loose-envify 68ms (cache revalidated)
npm http fetch GET 200 https://registry.npmjs.org/react-is 80ms (cache revalidated)
npm http fetch GET 200 https://registry.npmjs.org/easy-stack 67ms (cache revalidated)
npm http fetch GET 200 https://registry.npmjs.org/yocto-queue 70ms (cache revalidated)
npm http fetch GET 200 https://registry.npmjs.org/indent-string 59ms (cache revalidated)
npm http fetch GET 200 https://registry.npmjs.org/clean-stack 813ms (cache revalidated)
npm http fetch GET 200 https://registry.npmjs.org/js-tokens 53ms (cache revalidated)
npm http fetch GET 200 https://registry.npmjs.org/duplexer 70ms (cache revalidated)
npm http fetch GET 200 https://registry.npmjs.org/stream-combiner 72ms (cache revalidated)
npm http fetch GET 200 https://registry.npmjs.org/split 73ms (cache revalidated)
npm http fetch GET 200 https://registry.npmjs.org/pause-stream 81ms (cache revalidated)
npm http fetch GET 200 https://registry.npmjs.org/map-stream 137ms (cache revalidated)
npm http fetch GET 200 https://registry.npmjs.org/from 672ms (cache revalidated)
npm http fetch GET 200 https://registry.npmjs.org/object-inspect 58ms (cache revalidated)
npm http fetch GET 200 https://registry.npmjs.org/get-intrinsic 66ms (cache revalidated)
npm http fetch GET 200 https://registry.npmjs.org/es-errors 74ms (cache revalidated)
npm http fetch GET 200 https://registry.npmjs.org/call-bind 124ms (cache revalidated)
npm http fetch GET 200 https://registry.npmjs.org/ajv 8ms (cache hit)
npm http fetch GET 200 https://registry.npmjs.org/har-schema 69ms (cache revalidated)
npm http fetch GET 200 https://registry.npmjs.org/uri-js 47ms (cache revalidated)
npm http fetch GET 200 https://registry.npmjs.org/fast-deep-equal 65ms (cache revalidated)
npm http fetch GET 200 https://registry.npmjs.org/fast-json-stable-stringify 66ms (cache revalidated)
npm http fetch GET 200 https://registry.npmjs.org/json-schema-traverse 795ms (cache revalidated)
npm http fetch GET 200 https://registry.npmjs.org/has-proto 56ms (cache revalidated)
npm http fetch GET 200 https://registry.npmjs.org/function-bind 59ms (cache revalidated)
npm http fetch GET 200 https://registry.npmjs.org/es-define-property 62ms (cache revalidated)
npm http fetch GET 200 https://registry.npmjs.org/function-bind 64ms (cache revalidated)
npm http fetch GET 200 https://registry.npmjs.org/set-function-length 70ms (cache revalidated)
npm http fetch GET 200 https://registry.npmjs.org/has-symbols 70ms (cache revalidated)
npm http fetch GET 200 https://registry.npmjs.org/hasown 71ms (cache revalidated)
npm http fetch GET 200 https://registry.npmjs.org/define-data-property 62ms (cache revalidated)
npm http fetch GET 200 https://registry.npmjs.org/has-property-descriptors 66ms (cache revalidated)
npm http fetch GET 200 https://registry.npmjs.org/gopd 74ms (cache revalidated)
npm http fetch GET 200 https://registry.npmjs.org/requires-port 59ms (cache revalidated)
npm http fetch GET 200 https://registry.npmjs.org/querystringify 70ms (cache revalidated)
npm http fetch GET 200 https://registry.npmjs.org/unique-string 61ms (cache revalidated)
npm http fetch GET 200 https://registry.npmjs.org/write-file-atomic 61ms (cache revalidated)
npm http fetch GET 200 https://registry.npmjs.org/ansi-align 68ms (cache revalidated)
npm http fetch GET 200 https://registry.npmjs.org/cli-boxes 85ms (cache revalidated)
npm http fetch GET 200 https://registry.npmjs.org/escape-goat 114ms (cache revalidated)
npm http fetch GET 200 https://registry.npmjs.org/package-json 698ms (cache revalidated)
npm http fetch GET 200 https://registry.npmjs.org/dot-prop 707ms (cache revalidated)
npm http fetch GET 200 https://registry.npmjs.org/widest-line 773ms (cache revalidated)
npm http fetch GET 200 https://registry.npmjs.org/eastasianwidth 45ms (cache revalidated)
npm http fetch GET 200 https://registry.npmjs.org/crypto-random-string 116ms (cache revalidated)
npm http fetch GET 200 https://registry.npmjs.org/imurmurhash 117ms (cache revalidated)
npm http fetch GET 200 https://registry.npmjs.org/is-obj 152ms (cache revalidated)
npm http fetch GET 200 https://registry.npmjs.org/typedarray-to-buffer 153ms (cache revalidated)
npm http fetch GET 200 https://registry.npmjs.org/registry-url 64ms (cache revalidated)
npm http fetch GET 200 https://registry.npmjs.org/got 82ms (cache revalidated)
npm http fetch GET 200 https://registry.npmjs.org/registry-auth-token 769ms (cache revalidated)
npm http fetch GET 200 https://registry.npmjs.org/cacheable-lookup 60ms (cache revalidated)
npm http fetch GET 200 https://registry.npmjs.org/lowercase-keys 65ms (cache revalidated)
npm http fetch GET 200 https://registry.npmjs.org/http2-wrapper 69ms (cache revalidated)
npm http fetch GET 200 https://registry.npmjs.org/responselike 79ms (cache revalidated)
npm http fetch GET 200 https://registry.npmjs.org/p-cancelable 82ms (cache revalidated)
npm http fetch GET 200 https://registry.npmjs.org/form-data-encoder 60ms (cache revalidated)
npm http fetch GET 200 https://registry.npmjs.org/decompress-response 67ms (cache revalidated)
npm http fetch GET 200 https://registry.npmjs.org/rc 62ms (cache revalidated)
npm http fetch GET 200 https://registry.npmjs.org/cacheable-request 154ms (cache revalidated)
npm http fetch GET 200 https://registry.npmjs.org/@szmarczak%2fhttp-timer 126ms (cache revalidated)
npm http fetch GET 200 https://registry.npmjs.org/@pnpm%2fnpm-conf 136ms (cache revalidated)
npm http fetch GET 200 https://registry.npmjs.org/@sindresorhus%2fis 970ms (cache revalidated)
npm http fetch GET 200 https://registry.npmjs.org/mimic-response 66ms (cache revalidated)
npm http fetch GET 200 https://registry.npmjs.org/mimic-response 67ms (cache revalidated)
npm http fetch GET 200 https://registry.npmjs.org/keyv 71ms (cache revalidated)
npm http fetch GET 200 https://registry.npmjs.org/@types%2fhttp-cache-semantics 74ms (cache revalidated)
npm http fetch GET 200 https://registry.npmjs.org/defer-to-connect 77ms (cache revalidated)
npm http fetch GET 200 https://registry.npmjs.org/http-cache-semantics 82ms (cache revalidated)
npm http fetch GET 200 https://registry.npmjs.org/resolve-alpn 117ms (cache revalidated)
npm http fetch GET 200 https://registry.npmjs.org/normalize-url 725ms (cache revalidated)
npm http fetch GET 200 https://registry.npmjs.org/quick-lru 791ms (cache revalidated)
npm http fetch GET 200 https://registry.npmjs.org/json-buffer 62ms (cache revalidated)
npm http fetch GET 200 https://registry.npmjs.org/config-chain 86ms (cache revalidated)
npm http fetch GET 200 https://registry.npmjs.org/@pnpm%2fconfig.env-replace 105ms (cache revalidated)
npm http fetch GET 200 https://registry.npmjs.org/@pnpm%2fnetwork.ca-file 111ms (cache revalidated)
npm http fetch GET 200 https://registry.npmjs.org/proto-list 64ms (cache revalidated)
npm http fetch GET 200 https://registry.npmjs.org/deep-extend 731ms (cache revalidated)
npm http fetch GET 200 https://registry.npmjs.org/pend 58ms (cache revalidated)
npm http fetch GET 200 https://registry.npmjs.org/crc32-stream 771ms (cache revalidated)
npm http fetch GET 200 https://registry.npmjs.org/crc-32 95ms (cache revalidated)
npm http fetch GET 200 https://registry.npmjs.org/buffer-fill 49ms (cache revalidated)
npm http fetch GET 200 https://registry.npmjs.org/buffer-alloc-unsafe 70ms (cache revalidated)
npm http fetch GET 200 https://registry.npmjs.org/p-try 59ms (cache revalidated)
npm verbose reify failed optional dependency C:\Users\ismed\Projects\pgats-web-prova\tmpBstackPackages\node_modules\fsevents
npm http fetch POST 200 https://registry.npmjs.org/-/npm/v1/security/advisories/bulk 837ms
npm warn deprecated inflight@1.0.6: This module is not supported, and leaks memory. Do not use it. Check out lru-cache if you want a good and tested way to coalesce async requests by a key value, which is much more comprehensive and powerful.
npm warn deprecated rimraf@2.5.4: Rimraf versions prior to v4 are no longer supported
npm warn deprecated har-validator@5.1.5: this library is no longer supported
npm http fetch GET 200 https://registry.npmjs.org/tough-cookie 1095ms (cache revalidated)
npm warn deprecated glob@7.2.3: Glob versions prior to v9 are no longer supported
npm warn deprecated glob@8.1.0: Glob versions prior to v9 are no longer supported
npm http fetch GET 200 https://registry.npmjs.org/request 1120ms (cache revalidated)
npm warn deprecated uuid@3.4.0: Please upgrade  to version 7 or higher.  Older versions may use Math.random() in certain circumstances, which is known to be problematic.  See https://v8.dev/blog/math-random for details.
npm warn deprecated request@2.88.2: request has been deprecated, see https://github.com/request/request/issues/3142
npm http fetch GET 200 https://registry.npmjs.org/browserstack-cypress-cli 1468ms (cache revalidated)
npm info run cypress@13.13.2 postinstall node_modules/cypress node index.js --exec install
npm info run cypress@13.13.2 postinstall { code: 0, signal: null }

added 502 packages, and audited 503 packages in 46s

96 packages are looking for funding
  run `npm fund` for details

3 moderate severity vulnerabilities

To address all issues (including breaking changes), run:
  npm audit fix --force

Run `npm audit` for details.
npm verbose cwd C:\Users\ismed\Projects\pgats-web-prova\tmpBstackPackages
npm verbose os Windows_NT 10.0.22631
npm verbose node v21.7.1
npm verbose npm  v10.8.1
npm verbose exit 0
npm info ok
